[DEBUG] 2022-09-11 17:00:51,377 main.Main main - Server socket started with the port: 42069.
[ERROR] 2022-09-11 23:01:22,603 main.Main main - Error occured while running the server. java.net.BindException: Address already in use: bind
	at java.base/sun.nio.ch.Net.bind0(Native Method)
	at java.base/sun.nio.ch.Net.bind(Net.java:555)
	at java.base/sun.nio.ch.Net.bind(Net.java:544)
	at java.base/sun.nio.ch.NioSocketImpl.bind(NioSocketImpl.java:640)
	at java.base/java.net.ServerSocket.bind(ServerSocket.java:392)
	at java.base/java.net.ServerSocket.<init>(ServerSocket.java:274)
	at java.base/java.net.ServerSocket.<init>(ServerSocket.java:167)
	at main.Main.main(Main.java:38)

[DEBUG] 2022-09-11 23:09:40,982 main.Main main - Server socket started with the port: 42069.
[ERROR] 2022-09-11 23:10:51,012 main.Main main - Error occured while running the server. java.net.BindException: Address already in use: bind
	at java.base/sun.nio.ch.Net.bind0(Native Method)
	at java.base/sun.nio.ch.Net.bind(Net.java:555)
	at java.base/sun.nio.ch.Net.bind(Net.java:544)
	at java.base/sun.nio.ch.NioSocketImpl.bind(NioSocketImpl.java:640)
	at java.base/java.net.ServerSocket.bind(ServerSocket.java:392)
	at java.base/java.net.ServerSocket.<init>(ServerSocket.java:274)
	at java.base/java.net.ServerSocket.<init>(ServerSocket.java:167)
	at main.Main.main(Main.java:45)

[DEBUG] 2022-09-11 23:11:52,171 main.Main main - Server socket started with the port: 42069.
[DEBUG] 2022-09-11 23:13:13,931 main.Main main - Server socket started with the port: 42069.
[DEBUG] 2022-09-11 23:16:26,091 main.Main main - Server socket started with the port: 42069.
[DEBUG] 2022-09-11 23:17:31,723 main.Main main - Server socket started with the port: 42069.
[ERROR] 2022-09-11 23:21:48,311 main.Main main - Error occured while running the server. java.net.BindException: Address already in use: bind
	at java.base/sun.nio.ch.Net.bind0(Native Method)
	at java.base/sun.nio.ch.Net.bind(Net.java:555)
	at java.base/sun.nio.ch.Net.bind(Net.java:544)
	at java.base/sun.nio.ch.NioSocketImpl.bind(NioSocketImpl.java:640)
	at java.base/java.net.ServerSocket.bind(ServerSocket.java:392)
	at java.base/java.net.ServerSocket.<init>(ServerSocket.java:274)
	at java.base/java.net.ServerSocket.<init>(ServerSocket.java:167)
	at main.Main.main(Main.java:45)

[DEBUG] 2022-09-11 23:23:22,301 main.Main main - Server socket started with the port: 42069.
[DEBUG] 2022-09-11 23:26:32,735 main.Main main - Server socket started with the port: 42069.
[DEBUG] 2022-09-11 23:27:24,976 main.Main main - Server socket started with the port: 42069.
